This is pdfTeX, Version 3.14159265-2.6-1.40.18 (MiKTeX 2.9.6350 64-bit) (preloaded format=pdflatex 2017.8.28)  2 APR 2018 17:14
entering extended mode
**./report.tex
(report.tex
LaTeX2e <2017-04-15>
Babel <3.10> and hyphenation patterns for 75 language(s) loaded.
("C:\Program Files\MiKTeX 2.9\tex\latex\base\article.cls"
Document Class: article 2014/09/29 v1.4h Standard LaTeX document class
("C:\Program Files\MiKTeX 2.9\tex\latex\base\size10.clo"
File: size10.clo 2014/09/29 v1.4h Standard LaTeX file (size option)
)
\c@part=\count79
\c@section=\count80
\c@subsection=\count81
\c@subsubsection=\count82
\c@paragraph=\count83
\c@subparagraph=\count84
\c@figure=\count85
\c@table=\count86
\abovecaptionskip=\skip41
\belowcaptionskip=\skip42
\bibindent=\dimen102
)
("C:\Program Files\MiKTeX 2.9\tex\latex\geometry\geometry.sty"
Package: geometry 2010/09/12 v5.6 Page Geometry

("C:\Program Files\MiKTeX 2.9\tex\latex\graphics\keyval.sty"
Package: keyval 2014/10/28 v1.15 key=value parser (DPC)
\KV@toks@=\toks14
)
("C:\Program Files\MiKTeX 2.9\tex\generic\oberdiek\ifpdf.sty"
Package: ifpdf 2017/03/15 v3.2 Provides the ifpdf switch
)
("C:\Program Files\MiKTeX 2.9\tex\generic\oberdiek\ifvtex.sty"
Package: ifvtex 2016/05/16 v1.6 Detect VTeX and its facilities (HO)
Package ifvtex Info: VTeX not detected.
)
("C:\Program Files\MiKTeX 2.9\tex\generic\ifxetex\ifxetex.sty"
Package: ifxetex 2010/09/12 v0.6 Provides ifxetex conditional
)
\Gm@cnth=\count87
\Gm@cntv=\count88
\c@Gm@tempcnt=\count89
\Gm@bindingoffset=\dimen103
\Gm@wd@mp=\dimen104
\Gm@odd@mp=\dimen105
\Gm@even@mp=\dimen106
\Gm@layoutwidth=\dimen107
\Gm@layoutheight=\dimen108
\Gm@layouthoffset=\dimen109
\Gm@layoutvoffset=\dimen110
\Gm@dimlist=\toks15

("C:\Program Files\MiKTeX 2.9\tex\latex\geometry\geometry.cfg"))
("C:\Program Files\MiKTeX 2.9\tex\latex\graphics\graphicx.sty"
Package: graphicx 2014/10/28 v1.0g Enhanced LaTeX Graphics (DPC,SPQR)

("C:\Program Files\MiKTeX 2.9\tex\latex\graphics\graphics.sty"
Package: graphics 2017/04/14 v1.1b Standard LaTeX Graphics (DPC,SPQR)

("C:\Program Files\MiKTeX 2.9\tex\latex\graphics\trig.sty"
Package: trig 2016/01/03 v1.10 sin cos tan (DPC)
)
("C:\Program Files\MiKTeX 2.9\tex\latex\graphics-cfg\graphics.cfg"
File: graphics.cfg 2016/06/04 v1.11 sample graphics configuration
)
Package graphics Info: Driver file: pdftex.def on input line 99.

("C:\Program Files\MiKTeX 2.9\tex\latex\graphics-def\pdftex.def"
File: pdftex.def 2017/01/12 v0.06k Graphics/color for pdfTeX

("C:\Program Files\MiKTeX 2.9\tex\generic\oberdiek\infwarerr.sty"
Package: infwarerr 2016/05/16 v1.4 Providing info/warning/error messages (HO)
)
("C:\Program Files\MiKTeX 2.9\tex\generic\oberdiek\ltxcmds.sty"
Package: ltxcmds 2016/05/16 v1.23 LaTeX kernel commands for general use (HO)
)
\Gread@gobject=\count90
))
\Gin@req@height=\dimen111
\Gin@req@width=\dimen112
)
("C:\Program Files\MiKTeX 2.9\tex\latex\amsmath\amsmath.sty"
Package: amsmath 2016/11/05 v2.16a AMS math features
\@mathmargin=\skip43

For additional information on amsmath, use the `?' option.
("C:\Program Files\MiKTeX 2.9\tex\latex\amsmath\amstext.sty"
Package: amstext 2000/06/29 v2.01 AMS text

("C:\Program Files\MiKTeX 2.9\tex\latex\amsmath\amsgen.sty"
File: amsgen.sty 1999/11/30 v2.0 generic functions
\@emptytoks=\toks16
\ex@=\dimen113
))
("C:\Program Files\MiKTeX 2.9\tex\latex\amsmath\amsbsy.sty"
Package: amsbsy 1999/11/29 v1.2d Bold Symbols
\pmbraise@=\dimen114
)
("C:\Program Files\MiKTeX 2.9\tex\latex\amsmath\amsopn.sty"
Package: amsopn 2016/03/08 v2.02 operator names
)
\inf@bad=\count91
LaTeX Info: Redefining \frac on input line 213.
\uproot@=\count92
\leftroot@=\count93
LaTeX Info: Redefining \overline on input line 375.
\classnum@=\count94
\DOTSCASE@=\count95
LaTeX Info: Redefining \ldots on input line 472.
LaTeX Info: Redefining \dots on input line 475.
LaTeX Info: Redefining \cdots on input line 596.
\Mathstrutbox@=\box26
\strutbox@=\box27
\big@size=\dimen115
LaTeX Font Info:    Redeclaring font encoding OML on input line 712.
LaTeX Font Info:    Redeclaring font encoding OMS on input line 713.
\macc@depth=\count96
\c@MaxMatrixCols=\count97
\dotsspace@=\muskip10
\c@parentequation=\count98
\dspbrk@lvl=\count99
\tag@help=\toks17
\row@=\count100
\column@=\count101
\maxfields@=\count102
\andhelp@=\toks18
\eqnshift@=\dimen116
\alignsep@=\dimen117
\tagshift@=\dimen118
\tagwidth@=\dimen119
\totwidth@=\dimen120
\lineht@=\dimen121
\@envbody=\toks19
\multlinegap=\skip44
\multlinetaggap=\skip45
\mathdisplay@stack=\toks20
LaTeX Info: Redefining \[ on input line 2817.
LaTeX Info: Redefining \] on input line 2818.
) (report.aux)
\openout1 = `report.aux'.

LaTeX Font Info:    Checking defaults for OML/cmm/m/it on input line 9.
LaTeX Font Info:    ... okay on input line 9.
LaTeX Font Info:    Checking defaults for T1/cmr/m/n on input line 9.
LaTeX Font Info:    ... okay on input line 9.
LaTeX Font Info:    Checking defaults for OT1/cmr/m/n on input line 9.
LaTeX Font Info:    ... okay on input line 9.
LaTeX Font Info:    Checking defaults for OMS/cmsy/m/n on input line 9.
LaTeX Font Info:    ... okay on input line 9.
LaTeX Font Info:    Checking defaults for OMX/cmex/m/n on input line 9.
LaTeX Font Info:    ... okay on input line 9.
LaTeX Font Info:    Checking defaults for U/cmr/m/n on input line 9.
LaTeX Font Info:    ... okay on input line 9.

*geometry* driver: auto-detecting
*geometry* detected driver: pdftex
*geometry* verbose mode - [ preamble ] result:
* driver: pdftex
* paper: <default>
* layout: <same size as paper>
* layoutoffset:(h,v)=(0.0pt,0.0pt)
* modes: 
* h-part:(L,W,R)=(50.58878pt, 513.11745pt, 50.58878pt)
* v-part:(T,H,B)=(50.58878pt, 693.79243pt, 50.58878pt)
* \paperwidth=614.295pt
* \paperheight=794.96999pt
* \textwidth=513.11745pt
* \textheight=693.79243pt
* \oddsidemargin=-21.68121pt
* \evensidemargin=-21.68121pt
* \topmargin=-58.68121pt
* \headheight=12.0pt
* \headsep=25.0pt
* \topskip=10.0pt
* \footskip=30.0pt
* \marginparwidth=65.0pt
* \marginparsep=11.0pt
* \columnsep=10.0pt
* \skip\footins=9.0pt plus 4.0pt minus 2.0pt
* \hoffset=0.0pt
* \voffset=0.0pt
* \mag=1000
* \@twocolumnfalse
* \@twosidefalse
* \@mparswitchfalse
* \@reversemarginfalse
* (1in=72.27pt=25.4mm, 1cm=28.453pt)

("C:\Program Files\MiKTeX 2.9\tex\context\base\supp-pdf.mkii"
[Loading MPS to PDF converter (version 2006.09.02).]
\scratchcounter=\count103
\scratchdimen=\dimen122
\scratchbox=\box28
\nofMPsegments=\count104
\nofMParguments=\count105
\everyMPshowfont=\toks21
\MPscratchCnt=\count106
\MPscratchDim=\dimen123
\MPnumerator=\count107
\makeMPintoPDFobject=\count108
\everyMPtoPDFconversion=\toks22
) ("C:\Program Files\MiKTeX 2.9\tex\generic\oberdiek\pdftexcmds.sty"
Package: pdftexcmds 2017/03/19 v0.25 Utility functions of pdfTeX for LuaTeX (HO
)

("C:\Program Files\MiKTeX 2.9\tex\generic\oberdiek\ifluatex.sty"
Package: ifluatex 2016/05/16 v1.4 Provides the ifluatex switch (HO)
Package ifluatex Info: LuaTeX not detected.
)
Package pdftexcmds Info: LuaTeX not detected.
Package pdftexcmds Info: \pdf@primitive is available.
Package pdftexcmds Info: \pdf@ifprimitive is available.
Package pdftexcmds Info: \pdfdraftmode found.
)
("C:\Program Files\MiKTeX 2.9\tex\latex\oberdiek\epstopdf-base.sty"
Package: epstopdf-base 2016/05/15 v2.6 Base part for package epstopdf

("C:\Program Files\MiKTeX 2.9\tex\latex\oberdiek\grfext.sty"
Package: grfext 2016/05/16 v1.2 Manage graphics extensions (HO)

("C:\Program Files\MiKTeX 2.9\tex\generic\oberdiek\kvdefinekeys.sty"
Package: kvdefinekeys 2016/05/16 v1.4 Define keys (HO)
))
("C:\Program Files\MiKTeX 2.9\tex\latex\oberdiek\kvoptions.sty"
Package: kvoptions 2016/05/16 v3.12 Key value format for package options (HO)

("C:\Program Files\MiKTeX 2.9\tex\generic\oberdiek\kvsetkeys.sty"
Package: kvsetkeys 2016/05/16 v1.17 Key value parser (HO)

("C:\Program Files\MiKTeX 2.9\tex\generic\oberdiek\etexcmds.sty"
Package: etexcmds 2016/05/16 v1.6 Avoid name clashes with e-TeX commands (HO)
Package etexcmds Info: Could not find \expanded.
(etexcmds)             That can mean that you are not using pdfTeX 1.50 or
(etexcmds)             that some package has redefined \expanded.
(etexcmds)             In the latter case, load this package earlier.
)))
Package epstopdf-base Info: Redefining graphics rule for `.eps' on input line 4
38.
Package grfext Info: Graphics extension search list:
(grfext)             [.png,.pdf,.jpg,.mps,.jpeg,.jbig2,.jb2,.PNG,.PDF,.JPG,.JPE
G,.JBIG2,.JB2,.eps]
(grfext)             \AppendGraphicsExtensions on input line 456.
)
Underfull \hbox (badness 10000) in paragraph at lines 20--23

 []

[1

{C:/ProgramData/MiKTeX/2.9/pdftex/config/pdftex.map}]
Overfull \hbox (12.84497pt too wide) in paragraph at lines 26--27
\OML/cmm/m/it/10 detectHarrisFeatures$ \OT1/cmr/m/n/10 worked well for some im-
age sets, but not for oth-ers. I eneded up switch-ing to $\OML/cmm/m/it/10 dete
ctSURFFeatures$
 []

[2] <1.png, id=21, 688.974pt x 393.1488pt>
File: 1.png Graphic file (type png)
 <use 1.png>
Package pdftex.def Info: 1.png used on input line 49.
(pdftex.def)             Requested size: 344.48616pt x 196.57391pt.

<2.png, id=22, 688.974pt x 393.1488pt>
File: 2.png Graphic file (type png)
 <use 2.png>
Package pdftex.def Info: 2.png used on input line 52.
(pdftex.def)             Requested size: 186.02547pt x 106.1516pt.

<3.png, id=23, 688.974pt x 393.1488pt>
File: 3.png Graphic file (type png)
 <use 3.png>
Package pdftex.def Info: 3.png used on input line 53.
(pdftex.def)             Requested size: 186.02547pt x 106.1516pt.

<4.png, id=24, 688.974pt x 393.1488pt>
File: 4.png Graphic file (type png)
 <use 4.png>
Package pdftex.def Info: 4.png used on input line 54.
(pdftex.def)             Requested size: 186.02547pt x 106.1516pt.

<5.png, id=25, 688.974pt x 393.1488pt>
File: 5.png Graphic file (type png)
 <use 5.png>
Package pdftex.def Info: 5.png used on input line 55.
(pdftex.def)             Requested size: 186.02547pt x 106.1516pt.

<6.png, id=26, 688.974pt x 393.1488pt>
File: 6.png Graphic file (type png)
 <use 6.png>
Package pdftex.def Info: 6.png used on input line 56.
(pdftex.def)             Requested size: 186.02547pt x 106.1516pt.

<7.png, id=27, 688.974pt x 393.1488pt>
File: 7.png Graphic file (type png)
 <use 7.png>
Package pdftex.def Info: 7.png used on input line 57.
(pdftex.def)             Requested size: 186.02547pt x 106.1516pt.

Overfull \hbox (49.40338pt too wide) in paragraph at lines 48--59
[] [] []
 []


Overfull \hbox (49.40338pt too wide) in paragraph at lines 48--59
[] [] [] 
 []

[3] [4 <./1.png (PNG copy)> <./2.png (PNG copy)> <./3.png (PNG copy)> <./4.png 
(PNG copy)> <./5.png (PNG copy)> <./6.png (PNG copy)> <./7.png (PNG copy)>]
<8.png, id=34, 688.974pt x 393.1488pt>
File: 8.png Graphic file (type png)
 <use 8.png>
Package pdftex.def Info: 8.png used on input line 61.
(pdftex.def)             Requested size: 186.02547pt x 106.1516pt.

<9.png, id=35, 688.974pt x 393.1488pt>
File: 9.png Graphic file (type png)
 <use 9.png>
Package pdftex.def Info: 9.png used on input line 62.
(pdftex.def)             Requested size: 186.02547pt x 106.1516pt.

<10.png, id=36, 688.974pt x 393.1488pt>
File: 10.png Graphic file (type png)
 <use 10.png>
Package pdftex.def Info: 10.png used on input line 63.
(pdftex.def)             Requested size: 186.02547pt x 106.1516pt.

<11.png, id=37, 688.974pt x 393.1488pt>
File: 11.png Graphic file (type png)
 <use 11.png>
Package pdftex.def Info: 11.png used on input line 64.
(pdftex.def)             Requested size: 186.02547pt x 106.1516pt.

<12.png, id=38, 688.974pt x 393.1488pt>
File: 12.png Graphic file (type png)
 <use 12.png>
Package pdftex.def Info: 12.png used on input line 65.
(pdftex.def)             Requested size: 186.02547pt x 106.1516pt.

<13.png, id=39, 688.974pt x 393.1488pt>
File: 13.png Graphic file (type png)
 <use 13.png>
Package pdftex.def Info: 13.png used on input line 66.
(pdftex.def)             Requested size: 186.02547pt x 106.1516pt.

<14.png, id=40, 688.974pt x 393.1488pt>
File: 14.png Graphic file (type png)
 <use 14.png>
Package pdftex.def Info: 14.png used on input line 69.
(pdftex.def)             Requested size: 186.02547pt x 106.1516pt.

<15.png, id=41, 688.974pt x 393.1488pt>
File: 15.png Graphic file (type png)
 <use 15.png>
Package pdftex.def Info: 15.png used on input line 70.
(pdftex.def)             Requested size: 186.02547pt x 106.1516pt.

<16.png, id=42, 688.974pt x 393.1488pt>
File: 16.png Graphic file (type png)
 <use 16.png>
Package pdftex.def Info: 16.png used on input line 71.
(pdftex.def)             Requested size: 186.02547pt x 106.1516pt.

<17.png, id=43, 688.974pt x 393.1488pt>
File: 17.png Graphic file (type png)
 <use 17.png>
Package pdftex.def Info: 17.png used on input line 72.
(pdftex.def)             Requested size: 186.02547pt x 106.1516pt.

<18.png, id=44, 688.974pt x 393.1488pt>
File: 18.png Graphic file (type png)
 <use 18.png>
Package pdftex.def Info: 18.png used on input line 73.
(pdftex.def)             Requested size: 186.02547pt x 106.1516pt.

<19.png, id=45, 688.974pt x 393.1488pt>
File: 19.png Graphic file (type png)
 <use 19.png>
Package pdftex.def Info: 19.png used on input line 74.
(pdftex.def)             Requested size: 186.02547pt x 106.1516pt.

Overfull \hbox (49.40338pt too wide) in paragraph at lines 60--76
[] [] []
 []


Overfull \hbox (49.40338pt too wide) in paragraph at lines 60--76
[] [] [] 
 []


Overfull \hbox (49.40338pt too wide) in paragraph at lines 60--76
[] [] []
 []


Overfull \hbox (49.40338pt too wide) in paragraph at lines 60--76
[] [] [] 
 []

[5 <./8.png (PNG copy)> <./9.png (PNG copy)> <./10.png (PNG copy)> <./11.png (P
NG copy)> <./12.png (PNG copy)> <./13.png (PNG copy)> <./14.png (PNG copy)> <./
15.png (PNG copy)> <./16.png (PNG copy)> <./17.png (PNG copy)> <./18.png (PNG c
opy)> <./19.png (PNG copy)>] <20.png, id=49, 688.974pt x 393.1488pt>
File: 20.png Graphic file (type png)

<use 20.png>
Package pdftex.def Info: 20.png used on input line 78.
(pdftex.def)             Requested size: 186.02547pt x 106.1516pt.
 <21.png, id=50, 688.974pt x 393.1488pt>
File: 21.png Graphic file (type png)
 <use 21.png>
Package pdftex.def Info: 21.png used on input line 79.
(pdftex.def)             Requested size: 186.02547pt x 106.1516pt.

<22.png, id=51, 688.974pt x 393.1488pt>
File: 22.png Graphic file (type png)
 <use 22.png>
Package pdftex.def Info: 22.png used on input line 80.
(pdftex.def)             Requested size: 186.02547pt x 106.1516pt.

<23.png, id=52, 688.974pt x 393.1488pt>
File: 23.png Graphic file (type png)
 <use 23.png>
Package pdftex.def Info: 23.png used on input line 81.
(pdftex.def)             Requested size: 186.02547pt x 106.1516pt.

<24.png, id=53, 688.974pt x 393.1488pt>
File: 24.png Graphic file (type png)
 <use 24.png>
Package pdftex.def Info: 24.png used on input line 82.
(pdftex.def)             Requested size: 186.02547pt x 106.1516pt.

<25.png, id=54, 688.974pt x 393.1488pt>
File: 25.png Graphic file (type png)
 <use 25.png>
Package pdftex.def Info: 25.png used on input line 83.
(pdftex.def)             Requested size: 186.02547pt x 106.1516pt.

<26.png, id=55, 688.974pt x 393.1488pt>
File: 26.png Graphic file (type png)
 <use 26.png>
Package pdftex.def Info: 26.png used on input line 86.
(pdftex.def)             Requested size: 186.02547pt x 106.1516pt.

<27.png, id=56, 688.974pt x 393.1488pt>
File: 27.png Graphic file (type png)
 <use 27.png>
Package pdftex.def Info: 27.png used on input line 87.
(pdftex.def)             Requested size: 186.02547pt x 106.1516pt.

<28.png, id=57, 688.974pt x 393.1488pt>
File: 28.png Graphic file (type png)
 <use 28.png>
Package pdftex.def Info: 28.png used on input line 88.
(pdftex.def)             Requested size: 186.02547pt x 106.1516pt.

<29.png, id=58, 688.974pt x 393.1488pt>
File: 29.png Graphic file (type png)
 <use 29.png>
Package pdftex.def Info: 29.png used on input line 89.
(pdftex.def)             Requested size: 186.02547pt x 106.1516pt.

<30.png, id=59, 688.974pt x 393.1488pt>
File: 30.png Graphic file (type png)
 <use 30.png>
Package pdftex.def Info: 30.png used on input line 90.
(pdftex.def)             Requested size: 186.02547pt x 106.1516pt.

Overfull \hbox (49.40338pt too wide) in paragraph at lines 77--92
[] [] []
 []


Overfull \hbox (49.40338pt too wide) in paragraph at lines 77--92
[] [] [] 
 []


Overfull \hbox (49.40338pt too wide) in paragraph at lines 77--92
[] [] []
 []

[6 <./20.png (PNG copy)> <./21.png (PNG copy)> <./22.png (PNG copy)> <./23.png 
(PNG copy)> <./24.png (PNG copy)> <./25.png (PNG copy)> <./26.png (PNG copy)> <
./27.png (PNG copy)> <./28.png (PNG copy)> <./29.png (PNG copy)> <./30.png (PNG
 copy)>] <31.png, id=63, 688.974pt x 393.1488pt>
File: 31.png Graphic file (type png)
 <use 31.png>
Package pdftex.def Info: 31.png used on input line 94.
(pdftex.def)             Requested size: 241.14452pt x 137.60414pt.

<32.png, id=64, 688.974pt x 393.1488pt>
File: 32.png Graphic file (type png)
 <use 32.png>
Package pdftex.def Info: 32.png used on input line 95.
(pdftex.def)             Requested size: 241.14452pt x 137.60414pt.

<33.png, id=65, 688.974pt x 393.1488pt>
File: 33.png Graphic file (type png)
 <use 33.png>
Package pdftex.def Info: 33.png used on input line 96.
(pdftex.def)             Requested size: 241.14452pt x 137.60414pt.

<34.png, id=66, 688.974pt x 393.1488pt>
File: 34.png Graphic file (type png)
 <use 34.png>
Package pdftex.def Info: 34.png used on input line 97.
(pdftex.def)             Requested size: 241.14452pt x 137.60414pt.

<35.png, id=67, 688.974pt x 393.1488pt>
File: 35.png Graphic file (type png)
 <use 35.png>
Package pdftex.def Info: 35.png used on input line 98.
(pdftex.def)             Requested size: 241.14452pt x 137.60414pt.

<36.png, id=68, 688.974pt x 393.1488pt>
File: 36.png Graphic file (type png)
 <use 36.png>
Package pdftex.def Info: 36.png used on input line 99.
(pdftex.def)             Requested size: 241.14452pt x 137.60414pt.
 [7 <./31.png (PNG copy)> <./32.png (PNG copy)> <./33.png (PNG copy)> <./34.png
 (PNG copy)> <./35.png (PNG copy)> <./36.png (PNG copy)>] <a1.png, id=73, 496.2
54pt x 308.8338pt>
File: a1.png Graphic file (type png)

<use a1.png>
Package pdftex.def Info: a1.png used on input line 104.
(pdftex.def)             Requested size: 248.12639pt x 154.41652pt.
 <a2.png, id=74, 496.254pt x 308.8338pt>
File: a2.png Graphic file (type png)
 <use a2.png>
Package pdftex.def Info: a2.png used on input line 105.
(pdftex.def)             Requested size: 248.12639pt x 154.41652pt.

<a3.png, id=75, 496.254pt x 308.8338pt>
File: a3.png Graphic file (type png)
 <use a3.png>
Package pdftex.def Info: a3.png used on input line 106.
(pdftex.def)             Requested size: 248.12639pt x 154.41652pt.

<a4.png, id=76, 496.254pt x 308.8338pt>
File: a4.png Graphic file (type png)
 <use a4.png>
Package pdftex.def Info: a4.png used on input line 107.
(pdftex.def)             Requested size: 248.12639pt x 154.41652pt.

Underfull \hbox (badness 10000) in paragraph at lines 103--110

 []

[8 <./a1.png (PNG copy)> <./a2.png (PNG copy)> <./a3.png (PNG copy)> <./a4.png 
(PNG copy)>] (report.aux) ) 
Here is how much of TeX's memory you used:
 2777 strings out of 493323
 36909 string characters out of 3139066
 110211 words of memory out of 3000000
 6258 multiletter control sequences out of 15000+200000
 8715 words of font info for 32 fonts, out of 3000000 for 9000
 1141 hyphenation exceptions out of 8191
 39i,6n,32p,1953b,189s stack positions out of 5000i,500n,10000p,200000b,50000s
<C:/Program Files/MiKTeX 2.9/fonts/type1/public/amsf
onts/cm/cmbx12.pfb><C:/Program Files/MiKTeX 2.9/fonts/type1/public/amsfonts/cme
xtra/cmex7.pfb><C:/Program Files/MiKTeX 2.9/fonts/type1/public/amsfonts/cm/cmmi
10.pfb><C:/Program Files/MiKTeX 2.9/fonts/type1/public/amsfonts/cm/cmmi5.pfb><C
:/Program Files/MiKTeX 2.9/fonts/type1/public/amsfonts/cm/cmmi7.pfb><C:/Program
 Files/MiKTeX 2.9/fonts/type1/public/amsfonts/cm/cmr10.pfb><C:/Program Files/Mi
KTeX 2.9/fonts/type1/public/amsfonts/cm/cmr12.pfb><C:/Program Files/MiKTeX 2.9/
fonts/type1/public/amsfonts/cm/cmr17.pfb><C:/Program Files/MiKTeX 2.9/fonts/typ
e1/public/amsfonts/cm/cmr5.pfb><C:/Program Files/MiKTeX 2.9/fonts/type1/public/
amsfonts/cm/cmr7.pfb><C:/Program Files/MiKTeX 2.9/fonts/type1/public/amsfonts/c
m/cmsy10.pfb><C:/Program Files/MiKTeX 2.9/fonts/type1/public/amsfonts/cm/cmsy5.
pfb><C:/Program Files/MiKTeX 2.9/fonts/type1/public/amsfonts/cm/cmsy7.pfb>
Output written on report.pdf (8 pages, 2971916 bytes).
PDF statistics:
 121 PDF objects out of 1000 (max. 8388607)
 0 named destinations out of 1000 (max. 500000)
 201 words of extra memory for PDF output out of 10000 (max. 10000000)

